<?xml version="1.0" encoding="UTF-8"?>
<!-- Generated by org.testng.reporters.JUnitReportReporter -->
<testsuite hostname="Raj" failures="0" tests="1" name="com.guru99.tests.LoginTests" time="1.216" errors="0" timestamp="2024-05-22T23:20:04 IST" skipped="0">
  <testcase classname="com.guru99.tests.LoginTests" name="verifyUserLoginWithCorrectCredentials" time="1.216"/>
  <system-out/>
</testsuite> <!-- com.guru99.tests.LoginTests -->
